2024-03-14 11:19:13,788 INFO     Reading summary statistics from file 1KG_panukbb_merged_by_position_r_na_removed.tsv
2024-03-14 11:19:13,814 INFO     2597 SNPs in summary statistics file
2024-03-14 11:19:13,814 INFO     Reading in LD matrix from file 1KGP_hg19_APOE_1MB_EUR_PANUKBB.ld.na.rm.gz
2024-03-14 11:19:20,819 INFO     Reading in LD matrix took 7.00 seconds
2024-03-14 11:19:20,820 INFO     Performing eigen decomposition
2024-03-14 11:20:11,733 INFO     Eigen decomposition took 50.88 seconds
2024-03-14 11:20:11,736 INFO     Running susieinf,finemapinf
2024-03-14 11:20:11,736 INFO     *********************************************************************
2024-03-14 11:20:11,736 INFO     * SuSiE-inf
2024-03-14 11:20:11,842 INFO     * Version 1.4
2024-03-14 11:20:11,842 INFO     * (C) Ran Cui, Zhou Fan
2024-03-14 11:20:11,842 INFO     *********************************************************************
2024-03-14 11:20:19,095 INFO     Running SuSiE-inf took 7.36 seconds
2024-03-14 11:20:19,334 INFO     Saving output to 1KG_panukbb_merged_by_position_r_na_removed_inf.susieinf.bgz
2024-03-14 11:20:21,043 INFO     Using tau-squared 9.66E-09 and sigma-squared 1.00 generated by SuSiE-inf
2024-03-14 11:20:21,043 INFO     *********************************************************************
2024-03-14 11:20:21,043 INFO     * FINEMAP-inf
2024-03-14 11:20:21,044 INFO     * Version 1.3
2024-03-14 11:20:21,044 INFO     * (C) Ran Cui, Zhou Fan
2024-03-14 11:20:21,044 INFO     *********************************************************************
2024-03-14 11:20:22,937 INFO     Running FINEMAP-inf took 1.89 seconds
2024-03-14 11:20:22,940 INFO     Saving output to 1KG_panukbb_merged_by_position_r_na_removed_inf.finemapinf.bgz
2024-03-14 11:20:23,748 INFO     Saving FINEMAP-inf configurations to 1KG_panukbb_merged_by_position_r_na_removed_inf.finemapinf.config.bgz
