Reading summary statistics from file 1KG_panukbb_merged_by_position_r_na_removed.tsv
2597 SNPs in summary statistics file
Reading in LD matrix from file 1KGP_hg19_APOE_1MB_EUR_PANUKBB.ld.na.rm.gz
Reading in LD matrix took 7.00 seconds
Performing eigen decomposition
Eigen decomposition took 50.88 seconds
Running susieinf,finemapinf
*********************************************************************
* SuSiE-inf
* Version 1.4
* (C) Ran Cui, Zhou Fan
*********************************************************************
Iteration 0
Update s^2 for effect 0 to 0.000077
Update s^2 for effect 1 to 0.000010
Update s^2 for effect 2 to 0.000006
Update s^2 for effect 3 to 0.000006
Update s^2 for effect 4 to 0.000006
Update s^2 for effect 5 to 0.000006
Update s^2 for effect 6 to 0.000006
Update s^2 for effect 7 to 0.000006
Update s^2 for effect 8 to 0.000006
Update s^2 for effect 9 to 0.000006
Update (sigma^2,tau^2) to (0.999877,5.855614e-09)
Maximum change in PIP: 0.548447
Iteration 1
Update s^2 for effect 0 to 0.000078
Update s^2 for effect 1 to 0.000006
Update s^2 for effect 2 to 0.000006
Update s^2 for effect 3 to 0.000006
Update s^2 for effect 4 to 0.000006
Update s^2 for effect 5 to 0.000006
Update s^2 for effect 6 to 0.000006
Update s^2 for effect 7 to 0.000006
Update s^2 for effect 8 to 0.000006
Update s^2 for effect 9 to 0.000006
Update (sigma^2,tau^2) to (0.999876,8.732211e-09)
Maximum change in PIP: 0.045159
Iteration 2
Update s^2 for effect 0 to 0.000080
Update s^2 for effect 1 to 0.000006
Update s^2 for effect 2 to 0.000006
Update s^2 for effect 3 to 0.000006
Update s^2 for effect 4 to 0.000006
Update s^2 for effect 5 to 0.000006
Update s^2 for effect 6 to 0.000006
Update s^2 for effect 7 to 0.000006
Update s^2 for effect 8 to 0.000006
Update s^2 for effect 9 to 0.000006
Update (sigma^2,tau^2) to (0.999876,9.513080e-09)
Maximum change in PIP: 0.001519
Iteration 3
Update s^2 for effect 0 to 0.000080
Update s^2 for effect 1 to 0.000006
Update s^2 for effect 2 to 0.000006
Update s^2 for effect 3 to 0.000006
Update s^2 for effect 4 to 0.000006
Update s^2 for effect 5 to 0.000006
Update s^2 for effect 6 to 0.000006
Update s^2 for effect 7 to 0.000006
Update s^2 for effect 8 to 0.000006
Update s^2 for effect 9 to 0.000006
Update (sigma^2,tau^2) to (0.999876,9.647925e-09)
Maximum change in PIP: 0.003473
Iteration 4
Update s^2 for effect 0 to 0.000080
Update s^2 for effect 1 to 0.000006
Update s^2 for effect 2 to 0.000006
Update s^2 for effect 3 to 0.000006
Update s^2 for effect 4 to 0.000006
Update s^2 for effect 5 to 0.000006
Update s^2 for effect 6 to 0.000006
Update s^2 for effect 7 to 0.000006
Update s^2 for effect 8 to 0.000006
Update s^2 for effect 9 to 0.000006
Update (sigma^2,tau^2) to (0.999876,9.664262e-09)
Maximum change in PIP: 0.000338
CONVERGED
Running SuSiE-inf took 7.36 seconds
Saving output to 1KG_panukbb_merged_by_position_r_na_removed_inf.susieinf.bgz
Using tau-squared 9.66E-09 and sigma-squared 1.00 generated by SuSiE-inf
*********************************************************************
* FINEMAP-inf
* Version 1.3
* (C) Ran Cui, Zhou Fan
*********************************************************************
Starting epoch 1
 Performing SSS
 Epoch 1 converged in 141 SSS iterations
DONE
Elapsed time 1.45952 seconds
72492 total explored models
49172 total explored pairs
141 total iterations
Running FINEMAP-inf took 1.89 seconds
Saving output to 1KG_panukbb_merged_by_position_r_na_removed_inf.finemapinf.bgz
Saving FINEMAP-inf configurations to 1KG_panukbb_merged_by_position_r_na_removed_inf.finemapinf.config.bgz
Total time elapsed 70.72 seconds
